2022-11-14 22:46:45,584 - django.utils.autoreload - INFO - C:\gitpro\project\project03\ingredients\views.py changed, reloading.
2022-11-14 22:46:45,584 - django.utils.autoreload - INFO - C:\gitpro\project\project03\ingredients\views.py changed, reloading.
2022-11-14 22:46:55,635 - django.utils.autoreload - INFO - C:\gitpro\project\project03\ingredients\views.py changed, reloading.
2022-11-14 22:46:55,635 - django.utils.autoreload - INFO - C:\gitpro\project\project03\ingredients\views.py changed, reloading.
2022-11-14 22:47:41,477 - django.utils.autoreload - INFO - C:\gitpro\project\project03\ingredients\views.py changed, reloading.
2022-11-14 22:47:41,477 - django.utils.autoreload - INFO - C:\gitpro\project\project03\ingredients\views.py changed, reloading.
2022-11-14 22:48:00,346 - django.utils.autoreload - INFO - C:\gitpro\project\project03\ingredients\urls.py changed, reloading.
2022-11-14 23:21:25,653 - root - INFO - ================ delete_all
2022-11-14 23:21:25,675 - root - INFO - deleted.....
2022-11-15 09:52:05,171 - django.request - WARNING - Not Found: /
2022-11-15 09:57:01,894 - django.utils.autoreload - INFO - C:\gitpro\project\project03\ingredients\views.py changed, reloading.
2022-11-15 09:57:26,292 - django.utils.autoreload - INFO - C:\gitpro\project\project03\ingredients\views.py changed, reloading.
2022-11-15 09:57:47,840 - django.utils.autoreload - INFO - C:\gitpro\project\project03\ingredients\views.py changed, reloading.
2022-11-15 09:58:04,616 - django.utils.autoreload - INFO - C:\gitpro\project\project03\ingredients\views.py changed, reloading.
2022-11-15 09:59:14,362 - django.utils.autoreload - INFO - C:\gitpro\project\project03\ingredients\views.py changed, reloading.
2022-11-15 10:04:50,749 - root - INFO - ================ delete_all
2022-11-15 10:04:51,306 - django.request - ERROR - Internal Server Error: /ingredients/delete_all/
Traceback (most recent call last):
  File "C:\Users\user\anaconda3\lib\site-packages\django\db\models\fields\__init__.py", line 1823, in get_prep_value
    return int(value)
ValueError: invalid literal for int() with base 10: ''

The above exception was the direct cause of the following exception:

Traceback (most recent call last):
  File "C:\Users\user\anaconda3\lib\site-packages\django\core\handlers\exception.py", line 47, in inner
    response = get_response(request)
  File "C:\Users\user\anaconda3\lib\site-packages\django\core\handlers\base.py", line 181, in _get_response
    response = wrapped_callback(request, *callback_args, **callback_kwargs)
  File "C:\Users\user\anaconda3\lib\site-packages\django\views\decorators\csrf.py", line 54, in wrapped_view
    return view_func(*args, **kwargs)
  File "C:\gitpro\project\project03\ingredients\views.py", line 87, in delete_all
    ingredient = Post.objects.get(id=id)
  File "C:\Users\user\anaconda3\lib\site-packages\django\db\models\manager.py", line 85, in manager_method
    return getattr(self.get_queryset(), name)(*args, **kwargs)
  File "C:\Users\user\anaconda3\lib\site-packages\django\db\models\query.py", line 424, in get
    clone = self._chain() if self.query.combinator else self.filter(*args, **kwargs)
  File "C:\Users\user\anaconda3\lib\site-packages\django\db\models\query.py", line 941, in filter
    return self._filter_or_exclude(False, args, kwargs)
  File "C:\Users\user\anaconda3\lib\site-packages\django\db\models\query.py", line 961, in _filter_or_exclude
    clone._filter_or_exclude_inplace(negate, args, kwargs)
  File "C:\Users\user\anaconda3\lib\site-packages\django\db\models\query.py", line 968, in _filter_or_exclude_inplace
    self._query.add_q(Q(*args, **kwargs))
  File "C:\Users\user\anaconda3\lib\site-packages\django\db\models\sql\query.py", line 1396, in add_q
    clause, _ = self._add_q(q_object, self.used_aliases)
  File "C:\Users\user\anaconda3\lib\site-packages\django\db\models\sql\query.py", line 1415, in _add_q
    child_clause, needed_inner = self.build_filter(
  File "C:\Users\user\anaconda3\lib\site-packages\django\db\models\sql\query.py", line 1350, in build_filter
    condition = self.build_lookup(lookups, col, value)
  File "C:\Users\user\anaconda3\lib\site-packages\django\db\models\sql\query.py", line 1196, in build_lookup
    lookup = lookup_class(lhs, rhs)
  File "C:\Users\user\anaconda3\lib\site-packages\django\db\models\lookups.py", line 25, in __init__
    self.rhs = self.get_prep_lookup()
  File "C:\Users\user\anaconda3\lib\site-packages\django\db\models\lookups.py", line 77, in get_prep_lookup
    return self.lhs.output_field.get_prep_value(self.rhs)
  File "C:\Users\user\anaconda3\lib\site-packages\django\db\models\fields\__init__.py", line 1825, in get_prep_value
    raise e.__class__(
ValueError: Field 'id' expected a number but got ''.
2022-11-15 10:05:15,985 - root - INFO - ================ delete_all
2022-11-15 10:05:16,075 - django.request - ERROR - Internal Server Error: /ingredients/delete_all/
Traceback (most recent call last):
  File "C:\Users\user\anaconda3\lib\site-packages\django\db\models\fields\__init__.py", line 1823, in get_prep_value
    return int(value)
ValueError: invalid literal for int() with base 10: ''

The above exception was the direct cause of the following exception:

Traceback (most recent call last):
  File "C:\Users\user\anaconda3\lib\site-packages\django\core\handlers\exception.py", line 47, in inner
    response = get_response(request)
  File "C:\Users\user\anaconda3\lib\site-packages\django\core\handlers\base.py", line 181, in _get_response
    response = wrapped_callback(request, *callback_args, **callback_kwargs)
  File "C:\Users\user\anaconda3\lib\site-packages\django\views\decorators\csrf.py", line 54, in wrapped_view
    return view_func(*args, **kwargs)
  File "C:\gitpro\project\project03\ingredients\views.py", line 87, in delete_all
    ingredient = Post.objects.get(id=id)
  File "C:\Users\user\anaconda3\lib\site-packages\django\db\models\manager.py", line 85, in manager_method
    return getattr(self.get_queryset(), name)(*args, **kwargs)
  File "C:\Users\user\anaconda3\lib\site-packages\django\db\models\query.py", line 424, in get
    clone = self._chain() if self.query.combinator else self.filter(*args, **kwargs)
  File "C:\Users\user\anaconda3\lib\site-packages\django\db\models\query.py", line 941, in filter
    return self._filter_or_exclude(False, args, kwargs)
  File "C:\Users\user\anaconda3\lib\site-packages\django\db\models\query.py", line 961, in _filter_or_exclude
    clone._filter_or_exclude_inplace(negate, args, kwargs)
  File "C:\Users\user\anaconda3\lib\site-packages\django\db\models\query.py", line 968, in _filter_or_exclude_inplace
    self._query.add_q(Q(*args, **kwargs))
  File "C:\Users\user\anaconda3\lib\site-packages\django\db\models\sql\query.py", line 1396, in add_q
    clause, _ = self._add_q(q_object, self.used_aliases)
  File "C:\Users\user\anaconda3\lib\site-packages\django\db\models\sql\query.py", line 1415, in _add_q
    child_clause, needed_inner = self.build_filter(
  File "C:\Users\user\anaconda3\lib\site-packages\django\db\models\sql\query.py", line 1350, in build_filter
    condition = self.build_lookup(lookups, col, value)
  File "C:\Users\user\anaconda3\lib\site-packages\django\db\models\sql\query.py", line 1196, in build_lookup
    lookup = lookup_class(lhs, rhs)
  File "C:\Users\user\anaconda3\lib\site-packages\django\db\models\lookups.py", line 25, in __init__
    self.rhs = self.get_prep_lookup()
  File "C:\Users\user\anaconda3\lib\site-packages\django\db\models\lookups.py", line 77, in get_prep_lookup
    return self.lhs.output_field.get_prep_value(self.rhs)
  File "C:\Users\user\anaconda3\lib\site-packages\django\db\models\fields\__init__.py", line 1825, in get_prep_value
    raise e.__class__(
ValueError: Field 'id' expected a number but got ''.
2022-11-15 10:08:04,992 - root - INFO - ================ delete_all
2022-11-15 10:08:05,041 - root - INFO - deleted.....
2022-11-15 10:08:05,046 - root - INFO - deleted.....
2022-11-15 10:10:24,676 - django.utils.autoreload - INFO - C:\gitpro\project\project03\ingredients\views.py changed, reloading.
2022-11-15 10:11:00,705 - root - INFO - ================ delete_all
2022-11-15 10:11:00,757 - root - INFO - deleted.....
2022-11-15 10:11:29,858 - django.utils.autoreload - INFO - C:\gitpro\project\project03\ingredients\urls.py changed, reloading.
2022-11-15 10:12:32,209 - django.request - WARNING - Not Found: /
2022-11-15 10:12:39,778 - root - INFO - ================ delete_all
2022-11-15 10:12:39,998 - root - INFO - deleted.....
2022-11-15 10:14:31,770 - django.utils.autoreload - INFO - C:\gitpro\project\project03\ingredients\urls.py changed, reloading.
2022-11-15 10:14:42,038 - django.utils.autoreload - INFO - C:\gitpro\project\project03\ingredients\urls.py changed, reloading.
2022-11-15 10:14:49,201 - django.utils.autoreload - INFO - C:\gitpro\project\project03\ingredients\urls.py changed, reloading.
2022-11-15 10:15:00,246 - django.utils.autoreload - INFO - C:\gitpro\project\project03\ingredients\views.py changed, reloading.
2022-11-15 10:15:20,288 - root - INFO - ================ delete_all
2022-11-15 10:15:20,304 - root - INFO - deleted.....
2022-11-15 10:16:44,340 - root - INFO - ================ recommend
2022-11-15 10:16:44,604 - django.request - ERROR - Internal Server Error: /ingredients/recipe_list/
Traceback (most recent call last):
  File "C:\Users\user\anaconda3\lib\site-packages\django\core\handlers\exception.py", line 47, in inner
    response = get_response(request)
  File "C:\Users\user\anaconda3\lib\site-packages\django\core\handlers\base.py", line 181, in _get_response
    response = wrapped_callback(request, *callback_args, **callback_kwargs)
  File "C:\Users\user\anaconda3\lib\site-packages\django\views\decorators\csrf.py", line 54, in wrapped_view
    return view_func(*args, **kwargs)
  File "C:\gitpro\project\project03\ingredients\views.py", line 104, in recommend
    ingredient.rc_ing
AttributeError: 'Post' object has no attribute 'rc_ing'
2022-11-15 10:17:15,085 - django.utils.autoreload - INFO - C:\gitpro\project\project03\ingredients\views.py changed, reloading.
2022-11-15 10:17:40,237 - django.utils.autoreload - INFO - C:\gitpro\project\project03\ingredients\views.py changed, reloading.
2022-11-15 10:17:54,352 - root - INFO - ================ recommend
2022-11-15 10:17:54,360 - root - INFO - recommending.....
2022-11-15 10:17:54,376 - root - INFO - ================ recommend
2022-11-15 10:17:54,902 - django.request - ERROR - Internal Server Error: /ingredients/recipe_list/
Traceback (most recent call last):
  File "C:\Users\user\anaconda3\lib\site-packages\django\core\handlers\exception.py", line 47, in inner
    response = get_response(request)
  File "C:\Users\user\anaconda3\lib\site-packages\django\core\handlers\base.py", line 188, in _get_response
    self.check_response(response, callback)
  File "C:\Users\user\anaconda3\lib\site-packages\django\core\handlers\base.py", line 309, in check_response
    raise ValueError(
ValueError: The view ingredients.views.recommend didn't return an HttpResponse object. It returned None instead.
2022-11-15 10:21:06,030 - django.utils.autoreload - INFO - C:\gitpro\project\project03\ingredients\views.py changed, reloading.
2022-11-15 10:22:20,757 - django.utils.autoreload - INFO - C:\gitpro\project\project03\ingredients\views.py changed, reloading.
2022-11-15 10:23:49,991 - django.utils.autoreload - INFO - C:\gitpro\project\project03\ingredients\views.py changed, reloading.
2022-11-15 10:25:57,706 - django.utils.autoreload - INFO - C:\gitpro\project\project03\ingredients\views.py changed, reloading.
2022-11-15 10:26:59,249 - django.utils.autoreload - INFO - C:\gitpro\project\project03\ingredients\views.py changed, reloading.
2022-11-15 10:27:06,857 - root - INFO - ================ recommend
2022-11-15 10:27:07,133 - django.request - ERROR - Internal Server Error: /ingredients/recipe_list/
Traceback (most recent call last):
  File "C:\Users\user\anaconda3\lib\site-packages\django\core\handlers\exception.py", line 47, in inner
    response = get_response(request)
  File "C:\Users\user\anaconda3\lib\site-packages\django\core\handlers\base.py", line 188, in _get_response
    self.check_response(response, callback)
  File "C:\Users\user\anaconda3\lib\site-packages\django\core\handlers\base.py", line 309, in check_response
    raise ValueError(
ValueError: The view ingredients.views.recommend didn't return an HttpResponse object. It returned None instead.
2022-11-15 10:27:09,618 - root - INFO - ================ recommend
2022-11-15 10:27:09,647 - django.request - ERROR - Internal Server Error: /ingredients/recipe_list/
Traceback (most recent call last):
  File "C:\Users\user\anaconda3\lib\site-packages\django\core\handlers\exception.py", line 47, in inner
    response = get_response(request)
  File "C:\Users\user\anaconda3\lib\site-packages\django\core\handlers\base.py", line 188, in _get_response
    self.check_response(response, callback)
  File "C:\Users\user\anaconda3\lib\site-packages\django\core\handlers\base.py", line 309, in check_response
    raise ValueError(
ValueError: The view ingredients.views.recommend didn't return an HttpResponse object. It returned None instead.
2022-11-15 10:27:27,018 - django.request - WARNING - Not Found: /
2022-11-15 10:27:33,684 - root - INFO - ================ recommend
2022-11-15 10:27:34,447 - django.request - ERROR - Internal Server Error: /ingredients/recipe_list/
Traceback (most recent call last):
  File "C:\Users\user\anaconda3\lib\site-packages\django\core\handlers\exception.py", line 47, in inner
    response = get_response(request)
  File "C:\Users\user\anaconda3\lib\site-packages\django\core\handlers\base.py", line 181, in _get_response
    response = wrapped_callback(request, *callback_args, **callback_kwargs)
  File "C:\Users\user\anaconda3\lib\site-packages\django\views\decorators\csrf.py", line 54, in wrapped_view
    return view_func(*args, **kwargs)
  File "C:\gitpro\project\project03\ingredients\views.py", line 104, in recommend
    ingredient.objects.values('rc_ing')
  File "C:\Users\user\anaconda3\lib\site-packages\django\db\models\manager.py", line 179, in __get__
    raise AttributeError("Manager isn't accessible via %s instances" % cls.__name__)
AttributeError: Manager isn't accessible via RecipeList instances
2022-11-15 10:30:00,819 - django.utils.autoreload - INFO - C:\gitpro\project\project03\ingredients\views.py changed, reloading.
2022-11-15 10:30:15,282 - django.utils.autoreload - INFO - C:\gitpro\project\project03\ingredients\views.py changed, reloading.
2022-11-15 10:30:33,622 - django.utils.autoreload - INFO - C:\gitpro\project\project03\ingredients\views.py changed, reloading.
2022-11-15 10:30:42,738 - django.utils.autoreload - INFO - C:\gitpro\project\project03\ingredients\views.py changed, reloading.
2022-11-15 10:30:56,294 - django.utils.autoreload - INFO - C:\gitpro\project\project03\ingredients\views.py changed, reloading.
2022-11-15 10:31:09,508 - root - INFO - ================ recommend
2022-11-15 10:31:09,759 - django.request - ERROR - Internal Server Error: /ingredients/recipe_list/
Traceback (most recent call last):
  File "C:\Users\user\anaconda3\lib\site-packages\django\core\handlers\exception.py", line 47, in inner
    response = get_response(request)
  File "C:\Users\user\anaconda3\lib\site-packages\django\core\handlers\base.py", line 181, in _get_response
    response = wrapped_callback(request, *callback_args, **callback_kwargs)
  File "C:\Users\user\anaconda3\lib\site-packages\django\views\decorators\csrf.py", line 54, in wrapped_view
    return view_func(*args, **kwargs)
  File "C:\gitpro\project\project03\ingredients\views.py", line 104, in recommend
    ingredient = get_object_or_404(RecipeList,id=id).objects.values('rc_ing')
NameError: name 'get_object_or_404' is not defined
2022-11-15 10:31:54,032 - django.utils.autoreload - INFO - C:\gitpro\project\project03\ingredients\views.py changed, reloading.
2022-11-15 10:32:04,682 - root - INFO - ================ recommend
2022-11-15 10:32:05,235 - django.request - ERROR - Internal Server Error: /ingredients/recipe_list/
Traceback (most recent call last):
  File "C:\Users\user\anaconda3\lib\site-packages\django\core\handlers\exception.py", line 47, in inner
    response = get_response(request)
  File "C:\Users\user\anaconda3\lib\site-packages\django\core\handlers\base.py", line 181, in _get_response
    response = wrapped_callback(request, *callback_args, **callback_kwargs)
  File "C:\Users\user\anaconda3\lib\site-packages\django\views\decorators\csrf.py", line 54, in wrapped_view
    return view_func(*args, **kwargs)
  File "C:\gitpro\project\project03\ingredients\views.py", line 104, in recommend
    ingredient = get_object_or_404(RecipeList,id=id).objects.values('rc_ing')
  File "C:\Users\user\anaconda3\lib\site-packages\django\db\models\manager.py", line 179, in __get__
    raise AttributeError("Manager isn't accessible via %s instances" % cls.__name__)
AttributeError: Manager isn't accessible via RecipeList instances
2022-11-15 10:32:21,281 - django.utils.autoreload - INFO - C:\gitpro\project\project03\ingredients\views.py changed, reloading.
2022-11-15 10:37:30,246 - root - INFO - ================ recommend
2022-11-15 10:37:30,869 - django.request - ERROR - Internal Server Error: /ingredients/recipe_list/
Traceback (most recent call last):
  File "C:\Users\user\anaconda3\lib\site-packages\django\core\handlers\exception.py", line 47, in inner
    response = get_response(request)
  File "C:\Users\user\anaconda3\lib\site-packages\django\core\handlers\base.py", line 181, in _get_response
    response = wrapped_callback(request, *callback_args, **callback_kwargs)
  File "C:\Users\user\anaconda3\lib\site-packages\django\views\decorators\csrf.py", line 54, in wrapped_view
    return view_func(*args, **kwargs)
  File "C:\gitpro\project\project03\ingredients\views.py", line 104, in recommend
    ingredient.objects.values('rc_ing')
  File "C:\Users\user\anaconda3\lib\site-packages\django\db\models\manager.py", line 179, in __get__
    raise AttributeError("Manager isn't accessible via %s instances" % cls.__name__)
AttributeError: Manager isn't accessible via RecipeList instances
2022-11-15 10:37:44,449 - root - INFO - ================ recommend
2022-11-15 10:37:44,524 - django.request - ERROR - Internal Server Error: /ingredients/recipe_list/
Traceback (most recent call last):
  File "C:\Users\user\anaconda3\lib\site-packages\django\core\handlers\exception.py", line 47, in inner
    response = get_response(request)
  File "C:\Users\user\anaconda3\lib\site-packages\django\core\handlers\base.py", line 181, in _get_response
    response = wrapped_callback(request, *callback_args, **callback_kwargs)
  File "C:\Users\user\anaconda3\lib\site-packages\django\views\decorators\csrf.py", line 54, in wrapped_view
    return view_func(*args, **kwargs)
  File "C:\gitpro\project\project03\ingredients\views.py", line 104, in recommend
    ingredient.objects.values('rc_ing')
  File "C:\Users\user\anaconda3\lib\site-packages\django\db\models\manager.py", line 179, in __get__
    raise AttributeError("Manager isn't accessible via %s instances" % cls.__name__)
AttributeError: Manager isn't accessible via RecipeList instances
2022-11-15 10:39:01,326 - root - INFO - ================ recommend
2022-11-15 10:39:01,362 - django.request - ERROR - Internal Server Error: /ingredients/recipe_list/
Traceback (most recent call last):
  File "C:\Users\user\anaconda3\lib\site-packages\django\core\handlers\exception.py", line 47, in inner
    response = get_response(request)
  File "C:\Users\user\anaconda3\lib\site-packages\django\core\handlers\base.py", line 181, in _get_response
    response = wrapped_callback(request, *callback_args, **callback_kwargs)
  File "C:\Users\user\anaconda3\lib\site-packages\django\views\decorators\csrf.py", line 54, in wrapped_view
    return view_func(*args, **kwargs)
  File "C:\gitpro\project\project03\ingredients\views.py", line 104, in recommend
    ingredient.objects.values('rc_ing')
  File "C:\Users\user\anaconda3\lib\site-packages\django\db\models\manager.py", line 179, in __get__
    raise AttributeError("Manager isn't accessible via %s instances" % cls.__name__)
AttributeError: Manager isn't accessible via RecipeList instances
2022-11-15 10:43:19,532 - django.utils.autoreload - INFO - C:\gitpro\project\project03\ingredients\views.py changed, reloading.
2022-11-15 10:43:32,648 - root - INFO - ================ recommend
2022-11-15 10:43:33,307 - django.request - ERROR - Internal Server Error: /ingredients/recipe_list/
Traceback (most recent call last):
  File "C:\Users\user\anaconda3\lib\site-packages\django\core\handlers\exception.py", line 47, in inner
    response = get_response(request)
  File "C:\Users\user\anaconda3\lib\site-packages\django\core\handlers\base.py", line 181, in _get_response
    response = wrapped_callback(request, *callback_args, **callback_kwargs)
  File "C:\Users\user\anaconda3\lib\site-packages\django\views\decorators\csrf.py", line 54, in wrapped_view
    return view_func(*args, **kwargs)
  File "C:\gitpro\project\project03\ingredients\views.py", line 104, in recommend
    ingredient.objects.get('rc_ing')
  File "C:\Users\user\anaconda3\lib\site-packages\django\db\models\manager.py", line 179, in __get__
    raise AttributeError("Manager isn't accessible via %s instances" % cls.__name__)
AttributeError: Manager isn't accessible via RecipeList instances
2022-11-15 10:45:22,126 - django.utils.autoreload - INFO - C:\gitpro\project\project03\ingredients\views.py changed, reloading.
2022-11-15 10:45:34,466 - root - INFO - ================ recommend
2022-11-15 10:45:34,952 - django.request - ERROR - Internal Server Error: /ingredients/recipe_list/
Traceback (most recent call last):
  File "C:\Users\user\anaconda3\lib\site-packages\django\core\handlers\exception.py", line 47, in inner
    response = get_response(request)
  File "C:\Users\user\anaconda3\lib\site-packages\django\core\handlers\base.py", line 181, in _get_response
    response = wrapped_callback(request, *callback_args, **callback_kwargs)
  File "C:\Users\user\anaconda3\lib\site-packages\django\views\decorators\csrf.py", line 54, in wrapped_view
    return view_func(*args, **kwargs)
  File "C:\gitpro\project\project03\ingredients\views.py", line 104, in recommend
    ingredient.objects.values('rc_ing')
  File "C:\Users\user\anaconda3\lib\site-packages\django\db\models\manager.py", line 179, in __get__
    raise AttributeError("Manager isn't accessible via %s instances" % cls.__name__)
AttributeError: Manager isn't accessible via RecipeList instances
2022-11-15 10:49:58,766 - django.utils.autoreload - INFO - C:\gitpro\project\project03\ingredients\views.py changed, reloading.
2022-11-15 10:53:38,756 - django.utils.autoreload - INFO - C:\gitpro\project\project03\ingredients\views.py changed, reloading.
2022-11-15 10:53:49,120 - root - INFO - ================ recommend
2022-11-15 10:53:49,127 - root - INFO - recommending.....
2022-11-15 10:53:49,141 - root - INFO - ================ recommend
2022-11-15 10:53:49,669 - django.request - ERROR - Internal Server Error: /ingredients/recipe_list/
Traceback (most recent call last):
  File "C:\Users\user\anaconda3\lib\site-packages\django\core\handlers\exception.py", line 47, in inner
    response = get_response(request)
  File "C:\Users\user\anaconda3\lib\site-packages\django\core\handlers\base.py", line 188, in _get_response
    self.check_response(response, callback)
  File "C:\Users\user\anaconda3\lib\site-packages\django\core\handlers\base.py", line 309, in check_response
    raise ValueError(
ValueError: The view ingredients.views.recommend didn't return an HttpResponse object. It returned None instead.
2022-11-15 10:55:52,498 - django.utils.autoreload - INFO - C:\gitpro\project\project03\ingredients\views.py changed, reloading.
2022-11-15 10:56:03,803 - root - INFO - ================ recommend
2022-11-15 10:56:03,813 - root - INFO - recommending.....
2022-11-15 10:56:03,829 - root - INFO - ================ recommend
2022-11-15 10:56:04,362 - django.request - ERROR - Internal Server Error: /ingredients/recipe_list/
Traceback (most recent call last):
  File "C:\Users\user\anaconda3\lib\site-packages\django\core\handlers\exception.py", line 47, in inner
    response = get_response(request)
  File "C:\Users\user\anaconda3\lib\site-packages\django\core\handlers\base.py", line 188, in _get_response
    self.check_response(response, callback)
  File "C:\Users\user\anaconda3\lib\site-packages\django\core\handlers\base.py", line 309, in check_response
    raise ValueError(
ValueError: The view ingredients.views.recommend didn't return an HttpResponse object. It returned None instead.
2022-11-15 10:56:43,348 - django.utils.autoreload - INFO - C:\gitpro\project\project03\ingredients\views.py changed, reloading.
2022-11-15 11:01:34,175 - django.utils.autoreload - INFO - C:\gitpro\project\project03\ingredients\views.py changed, reloading.
2022-11-15 11:02:02,830 - django.utils.autoreload - INFO - C:\gitpro\project\project03\ingredients\views.py changed, reloading.
2022-11-15 11:02:29,719 - django.utils.autoreload - INFO - C:\gitpro\project\project03\ingredients\views.py changed, reloading.
2022-11-15 11:02:42,409 - django.utils.autoreload - INFO - C:\gitpro\project\project03\ingredients\views.py changed, reloading.
2022-11-15 11:03:03,476 - django.utils.autoreload - INFO - C:\gitpro\project\project03\ingredients\views.py changed, reloading.
2022-11-15 11:03:31,577 - django.utils.autoreload - INFO - C:\gitpro\project\project03\ingredients\views.py changed, reloading.
2022-11-15 11:03:40,168 - django.utils.autoreload - INFO - C:\gitpro\project\project03\ingredients\views.py changed, reloading.
2022-11-15 11:03:52,599 - django.utils.autoreload - INFO - C:\gitpro\project\project03\ingredients\views.py changed, reloading.
2022-11-15 11:04:01,198 - django.utils.autoreload - INFO - C:\gitpro\project\project03\ingredients\views.py changed, reloading.
2022-11-15 11:04:26,137 - django.utils.autoreload - INFO - C:\gitpro\project\project03\ingredients\views.py changed, reloading.
2022-11-15 11:05:55,809 - django.utils.autoreload - INFO - C:\gitpro\project\project03\ingredients\views.py changed, reloading.
2022-11-15 11:06:55,376 - django.utils.autoreload - INFO - C:\gitpro\project\project03\ingredients\views.py changed, reloading.
2022-11-15 11:07:07,939 - django.utils.autoreload - INFO - C:\gitpro\project\project03\ingredients\views.py changed, reloading.
2022-11-15 11:09:06,334 - django.utils.autoreload - INFO - C:\gitpro\project\project03\ingredients\views.py changed, reloading.
2022-11-15 11:09:28,048 - django.utils.autoreload - INFO - C:\gitpro\project\project03\ingredients\views.py changed, reloading.
2022-11-15 11:14:30,563 - django.utils.autoreload - INFO - C:\gitpro\project\project03\ingredients\views.py changed, reloading.
2022-11-15 11:14:50,226 - django.utils.autoreload - INFO - C:\gitpro\project\project03\ingredients\views.py changed, reloading.
2022-11-15 11:16:39,238 - django.utils.autoreload - INFO - C:\gitpro\project\project03\ingredients\views.py changed, reloading.
2022-11-15 11:16:48,099 - django.utils.autoreload - INFO - C:\gitpro\project\project03\ingredients\views.py changed, reloading.
2022-11-15 11:17:30,063 - django.request - WARNING - Not Found: /
2022-11-15 11:17:39,154 - root - INFO - ================ recommend
2022-11-15 11:17:39,185 - root - INFO - recommending.....
2022-11-15 11:19:47,345 - django.utils.autoreload - INFO - C:\gitpro\project\project03\ingredients\views.py changed, reloading.
2022-11-15 11:20:37,615 - root - INFO - ================ recommend
2022-11-15 11:20:37,619 - root - INFO - recommending.....
2022-11-15 11:21:09,767 - django.utils.autoreload - INFO - C:\gitpro\project\project03\ingredients\views.py changed, reloading.
2022-11-15 11:21:27,415 - django.utils.autoreload - INFO - C:\gitpro\project\project03\ingredients\views.py changed, reloading.
2022-11-15 11:22:04,561 - django.utils.autoreload - INFO - C:\gitpro\project\project03\ingredients\views.py changed, reloading.
2022-11-15 11:22:53,720 - django.utils.autoreload - INFO - C:\gitpro\project\project03\ingredients\views.py changed, reloading.
2022-11-15 11:23:05,883 - root - INFO - ================ recommend
2022-11-15 11:23:05,893 - root - INFO - recommending.....
2022-11-15 11:24:00,487 - root - INFO - ================ recommend
2022-11-15 11:24:00,491 - root - INFO - recommending.....
2022-11-15 11:25:57,072 - django.utils.autoreload - INFO - C:\gitpro\project\project03\ingredients\views.py changed, reloading.
2022-11-15 11:26:28,342 - django.utils.autoreload - INFO - C:\gitpro\project\project03\ingredients\views.py changed, reloading.
2022-11-15 11:26:38,537 - root - INFO - ================ recommend
2022-11-15 11:26:38,544 - root - INFO - recommending.....
2022-11-15 11:30:50,034 - django.utils.autoreload - INFO - C:\gitpro\project\project03\ingredients\models.py changed, reloading.
2022-11-15 11:31:04,076 - django.utils.autoreload - INFO - C:\gitpro\project\project03\ingredients\models.py changed, reloading.
2022-11-15 11:31:56,325 - root - INFO - ================ recommend
2022-11-15 11:31:56,333 - root - INFO - recommending.....
2022-11-15 11:56:56,309 - root - INFO - ================ recommend
2022-11-15 11:56:56,344 - root - INFO - recommending.....
2022-11-15 11:58:27,330 - root - INFO - ================ recommend
2022-11-15 11:58:27,355 - root - INFO - recommending.....
2022-11-15 11:58:34,142 - root - INFO - ================ recommend
2022-11-15 11:58:34,425 - django.request - ERROR - Internal Server Error: /ingredients/recipe_list/
Traceback (most recent call last):
  File "C:\Users\user\anaconda3\lib\site-packages\django\core\handlers\exception.py", line 47, in inner
    response = get_response(request)
  File "C:\Users\user\anaconda3\lib\site-packages\django\core\handlers\base.py", line 181, in _get_response
    response = wrapped_callback(request, *callback_args, **callback_kwargs)
  File "C:\Users\user\anaconda3\lib\site-packages\django\views\decorators\csrf.py", line 54, in wrapped_view
    return view_func(*args, **kwargs)
  File "C:\gitpro\project\project03\ingredients\views.py", line 99, in recommend
    'ingredients/recipe_list.html',{'recipe_list':recipe_list, "posts": posts,'keywords': keyword})
UnboundLocalError: local variable 'recipe_list' referenced before assignment
2022-11-15 11:58:38,152 - root - INFO - ================ recommend
2022-11-15 11:58:38,192 - django.request - ERROR - Internal Server Error: /ingredients/recipe_list/
Traceback (most recent call last):
  File "C:\Users\user\anaconda3\lib\site-packages\django\core\handlers\exception.py", line 47, in inner
    response = get_response(request)
  File "C:\Users\user\anaconda3\lib\site-packages\django\core\handlers\base.py", line 181, in _get_response
    response = wrapped_callback(request, *callback_args, **callback_kwargs)
  File "C:\Users\user\anaconda3\lib\site-packages\django\views\decorators\csrf.py", line 54, in wrapped_view
    return view_func(*args, **kwargs)
  File "C:\gitpro\project\project03\ingredients\views.py", line 99, in recommend
    'ingredients/recipe_list.html',{'recipe_list':recipe_list, "posts": posts,'keywords': keyword})
UnboundLocalError: local variable 'recipe_list' referenced before assignment
2022-11-15 13:49:16,885 - django.request - WARNING - Not Found: /
2022-11-15 13:49:17,128 - django.request - WARNING - Not Found: /favicon.ico
2022-11-15 13:49:54,421 - root - INFO - ================ recommend
2022-11-15 13:49:54,458 - root - INFO - recommending.....
2022-11-15 13:49:54,476 - root - INFO - recommending.....
2022-11-15 13:50:50,259 - root - INFO - ================ recommend
2022-11-15 13:50:50,288 - root - INFO - recommending.....
2022-11-15 13:50:50,314 - root - INFO - recommending.....
2022-11-15 13:52:17,360 - django.utils.autoreload - INFO - C:\gitpro\project\project03\ingredients\views.py changed, reloading.
2022-11-15 13:52:41,881 - django.utils.autoreload - INFO - C:\gitpro\project\project03\ingredients\views.py changed, reloading.
2022-11-15 13:52:49,047 - django.utils.autoreload - INFO - C:\gitpro\project\project03\ingredients\views.py changed, reloading.
2022-11-15 14:03:49,516 - django.request - WARNING - Not Found: /
2022-11-15 14:03:59,355 - root - INFO - ================ recommend
2022-11-15 14:03:59,361 - root - INFO - recommending.....
2022-11-15 14:03:59,366 - root - INFO - recommending.....
2022-11-15 14:06:27,311 - django.utils.autoreload - INFO - C:\gitpro\project\project03\ingredients\views.py changed, reloading.
2022-11-15 14:11:19,973 - django.utils.autoreload - INFO - C:\gitpro\project\project03\ingredients\views.py changed, reloading.
2022-11-15 14:11:54,451 - django.utils.autoreload - INFO - C:\gitpro\project\project03\ingredients\views.py changed, reloading.
2022-11-15 14:12:23,384 - root - INFO - ================ recommend
2022-11-15 14:12:23,393 - root - INFO - recommending.....
2022-11-15 14:12:23,398 - root - INFO - recommending.....
2022-11-15 14:13:07,935 - django.utils.autoreload - INFO - C:\gitpro\project\project03\ingredients\views.py changed, reloading.
2022-11-15 14:13:20,410 - root - INFO - ================ recommend
2022-11-15 14:13:20,416 - root - INFO - recommending.....
2022-11-15 14:13:20,421 - root - INFO - recommending.....
2022-11-15 14:16:06,332 - django.utils.autoreload - INFO - C:\gitpro\project\project03\ingredients\views.py changed, reloading.
2022-11-15 14:17:32,886 - django.utils.autoreload - INFO - C:\gitpro\project\project03\ingredients\views.py changed, reloading.
2022-11-15 14:18:00,659 - django.utils.autoreload - INFO - C:\gitpro\project\project03\ingredients\views.py changed, reloading.
2022-11-15 14:18:13,034 - root - INFO - ================ recommend
2022-11-15 14:18:13,041 - root - INFO - recommending.....
2022-11-15 14:18:13,044 - root - INFO - recommending.....
2022-11-15 14:18:23,424 - django.utils.autoreload - INFO - C:\gitpro\project\project03\ingredients\views.py changed, reloading.
2022-11-15 14:21:09,018 - django.utils.autoreload - INFO - C:\gitpro\project\project03\ingredients\views.py changed, reloading.
2022-11-15 14:21:18,487 - django.utils.autoreload - INFO - C:\gitpro\project\project03\ingredients\views.py changed, reloading.
2022-11-15 14:24:31,740 - root - INFO - ================ recommend
2022-11-15 14:24:31,746 - root - INFO - recommending.....
2022-11-15 14:24:31,750 - root - INFO - recommending.....
2022-11-15 14:26:42,584 - root - INFO - ================ recommend
2022-11-15 14:26:42,589 - root - INFO - recommending.....
2022-11-15 14:26:42,593 - root - INFO - recommending.....
2022-11-15 14:27:50,634 - django.utils.autoreload - INFO - C:\gitpro\project\project03\ingredients\views.py changed, reloading.
2022-11-15 14:27:58,369 - django.utils.autoreload - INFO - C:\gitpro\project\project03\ingredients\views.py changed, reloading.
2022-11-15 14:28:04,848 - django.utils.autoreload - INFO - C:\gitpro\project\project03\ingredients\views.py changed, reloading.
2022-11-15 14:29:01,382 - root - INFO - ================ recommend
2022-11-15 14:30:05,204 - django.utils.autoreload - INFO - C:\gitpro\project\project03\ingredients\views.py changed, reloading.
2022-11-15 14:30:11,883 - django.utils.autoreload - INFO - C:\gitpro\project\project03\ingredients\views.py changed, reloading.
2022-11-15 14:30:22,212 - django.utils.autoreload - INFO - C:\gitpro\project\project03\ingredients\views.py changed, reloading.
2022-11-15 14:30:39,385 - django.utils.autoreload - INFO - C:\gitpro\project\project03\ingredients\views.py changed, reloading.
2022-11-15 14:30:52,533 - django.utils.autoreload - INFO - C:\gitpro\project\project03\ingredients\views.py changed, reloading.
2022-11-15 14:31:13,296 - django.utils.autoreload - INFO - C:\gitpro\project\project03\ingredients\views.py changed, reloading.
2022-11-15 14:31:30,706 - django.utils.autoreload - INFO - C:\gitpro\project\project03\ingredients\views.py changed, reloading.
2022-11-15 14:31:37,141 - django.utils.autoreload - INFO - C:\gitpro\project\project03\ingredients\views.py changed, reloading.
2022-11-15 14:33:34,002 - django.utils.autoreload - INFO - C:\gitpro\project\project03\ingredients\views.py changed, reloading.
2022-11-15 14:35:47,469 - django.utils.autoreload - INFO - C:\gitpro\project\project03\ingredients\views.py changed, reloading.
2022-11-15 14:35:56,742 - django.utils.autoreload - INFO - C:\gitpro\project\project03\ingredients\views.py changed, reloading.
2022-11-15 14:36:03,076 - django.utils.autoreload - INFO - C:\gitpro\project\project03\ingredients\views.py changed, reloading.
2022-11-15 14:36:18,832 - django.utils.autoreload - INFO - C:\gitpro\project\project03\ingredients\views.py changed, reloading.
2022-11-15 14:38:04,693 - django.utils.autoreload - INFO - C:\gitpro\project\project03\ingredients\views.py changed, reloading.
2022-11-15 14:38:10,544 - django.utils.autoreload - INFO - C:\gitpro\project\project03\ingredients\views.py changed, reloading.
2022-11-15 14:38:31,837 - django.utils.autoreload - INFO - C:\gitpro\project\project03\ingredients\views.py changed, reloading.
2022-11-15 14:38:41,106 - root - INFO - ================ recommend
2022-11-15 14:38:41,572 - django.request - ERROR - Internal Server Error: /ingredients/recipe_list/
Traceback (most recent call last):
  File "C:\Users\user\anaconda3\lib\site-packages\django\core\handlers\exception.py", line 47, in inner
    response = get_response(request)
  File "C:\Users\user\anaconda3\lib\site-packages\django\core\handlers\base.py", line 181, in _get_response
    response = wrapped_callback(request, *callback_args, **callback_kwargs)
  File "C:\Users\user\anaconda3\lib\site-packages\django\views\decorators\csrf.py", line 54, in wrapped_view
    return view_func(*args, **kwargs)
  File "C:\gitpro\project\project03\ingredients\views.py", line 87, in recommend
    list.append.keyword[idx]
AttributeError: 'builtin_function_or_method' object has no attribute 'keyword'
2022-11-15 14:39:01,531 - django.utils.autoreload - INFO - C:\gitpro\project\project03\ingredients\views.py changed, reloading.
2022-11-15 14:39:17,042 - root - INFO - ================ recommend
2022-11-15 14:39:17,247 - django.request - ERROR - Internal Server Error: /ingredients/recipe_list/
Traceback (most recent call last):
  File "C:\Users\user\anaconda3\lib\site-packages\django\core\handlers\exception.py", line 47, in inner
    response = get_response(request)
  File "C:\Users\user\anaconda3\lib\site-packages\django\core\handlers\base.py", line 181, in _get_response
    response = wrapped_callback(request, *callback_args, **callback_kwargs)
  File "C:\Users\user\anaconda3\lib\site-packages\django\views\decorators\csrf.py", line 54, in wrapped_view
    return view_func(*args, **kwargs)
  File "C:\gitpro\project\project03\ingredients\views.py", line 87, in recommend
    list.append.keyword[idx]
AttributeError: 'builtin_function_or_method' object has no attribute 'keyword'
2022-11-15 14:39:47,634 - django.utils.autoreload - INFO - C:\gitpro\project\project03\ingredients\views.py changed, reloading.
2022-11-15 14:39:56,923 - root - INFO - ================ recommend
2022-11-15 14:40:18,494 - django.utils.autoreload - INFO - C:\gitpro\project\project03\ingredients\views.py changed, reloading.
2022-11-15 14:40:25,590 - django.utils.autoreload - INFO - C:\gitpro\project\project03\ingredients\views.py changed, reloading.
2022-11-15 14:40:33,952 - root - INFO - ================ recommend
2022-11-15 14:41:22,900 - django.utils.autoreload - INFO - C:\gitpro\project\project03\ingredients\views.py changed, reloading.
2022-11-15 14:41:50,899 - root - INFO - ================ recommend
2022-11-15 14:42:29,466 - root - INFO - ================ recommend
2022-11-15 14:42:48,669 - django.utils.autoreload - INFO - C:\gitpro\project\project03\ingredients\views.py changed, reloading.
2022-11-15 14:42:56,456 - root - INFO - ================ recommend
2022-11-15 14:52:32,019 - django.utils.autoreload - INFO - C:\gitpro\project\project03\ingredients\views.py changed, reloading.
2022-11-15 14:53:18,057 - root - INFO - ================ recommend
2022-11-15 14:53:32,719 - django.utils.autoreload - INFO - C:\gitpro\project\project03\ingredients\views.py changed, reloading.
2022-11-15 14:53:38,892 - django.utils.autoreload - INFO - C:\gitpro\project\project03\ingredients\views.py changed, reloading.
2022-11-15 14:54:57,254 - django.utils.autoreload - INFO - C:\gitpro\project\project03\ingredients\views.py changed, reloading.
2022-11-15 14:55:22,091 - django.utils.autoreload - INFO - C:\gitpro\project\project03\ingredients\views.py changed, reloading.
2022-11-15 15:02:24,528 - django.utils.autoreload - INFO - C:\gitpro\project\project03\ingredients\views.py changed, reloading.
2022-11-15 15:02:41,014 - django.utils.autoreload - INFO - C:\gitpro\project\project03\ingredients\views.py changed, reloading.
2022-11-15 15:03:07,429 - root - INFO - ================ recommend
2022-11-15 15:03:07,433 - root - INFO - recommending.....
2022-11-15 15:03:07,435 - root - INFO - recommending.....
2022-11-15 15:03:38,263 - django.utils.autoreload - INFO - C:\gitpro\project\project03\ingredients\views.py changed, reloading.
2022-11-15 15:03:56,182 - django.utils.autoreload - INFO - C:\gitpro\project\project03\ingredients\views.py changed, reloading.
2022-11-15 15:06:51,250 - django.utils.autoreload - INFO - C:\gitpro\project\project03\ingredients\views.py changed, reloading.
2022-11-15 15:07:48,621 - django.utils.autoreload - INFO - C:\gitpro\project\project03\ingredients\views.py changed, reloading.
2022-11-15 15:07:59,721 - django.utils.autoreload - INFO - C:\gitpro\project\project03\ingredients\views.py changed, reloading.
2022-11-15 15:08:10,754 - django.utils.autoreload - INFO - C:\gitpro\project\project03\ingredients\views.py changed, reloading.
2022-11-15 15:08:19,482 - django.utils.autoreload - INFO - C:\gitpro\project\project03\ingredients\views.py changed, reloading.
2022-11-15 15:09:22,045 - django.utils.autoreload - INFO - C:\gitpro\project\project03\ingredients\views.py changed, reloading.
2022-11-15 15:09:33,970 - django.utils.autoreload - INFO - C:\gitpro\project\project03\ingredients\views.py changed, reloading.
2022-11-15 15:09:42,255 - django.utils.autoreload - INFO - C:\gitpro\project\project03\ingredients\views.py changed, reloading.
2022-11-15 15:10:09,392 - django.utils.autoreload - INFO - C:\gitpro\project\project03\ingredients\views.py changed, reloading.
2022-11-15 15:10:44,308 - django.utils.autoreload - INFO - C:\gitpro\project\project03\ingredients\views.py changed, reloading.
2022-11-15 15:11:02,187 - django.utils.autoreload - INFO - C:\gitpro\project\project03\ingredients\views.py changed, reloading.
2022-11-15 15:11:25,236 - django.utils.autoreload - INFO - C:\gitpro\project\project03\ingredients\views.py changed, reloading.
2022-11-15 15:11:52,083 - django.utils.autoreload - INFO - C:\gitpro\project\project03\ingredients\views.py changed, reloading.
2022-11-15 15:12:46,613 - django.utils.autoreload - INFO - C:\gitpro\project\project03\ingredients\views.py changed, reloading.
2022-11-15 15:13:12,772 - django.utils.autoreload - INFO - C:\gitpro\project\project03\ingredients\views.py changed, reloading.
2022-11-15 15:14:26,419 - django.utils.autoreload - INFO - C:\gitpro\project\project03\ingredients\views.py changed, reloading.
2022-11-15 15:14:41,870 - django.utils.autoreload - INFO - C:\gitpro\project\project03\ingredients\views.py changed, reloading.
2022-11-15 15:14:55,652 - django.utils.autoreload - INFO - C:\gitpro\project\project03\ingredients\views.py changed, reloading.
2022-11-15 15:15:04,106 - django.utils.autoreload - INFO - C:\gitpro\project\project03\ingredients\views.py changed, reloading.
2022-11-15 15:15:12,811 - django.utils.autoreload - INFO - C:\gitpro\project\project03\ingredients\views.py changed, reloading.
2022-11-15 15:15:31,155 - django.utils.autoreload - INFO - C:\gitpro\project\project03\ingredients\views.py changed, reloading.
2022-11-15 15:15:42,188 - django.utils.autoreload - INFO - C:\gitpro\project\project03\ingredients\views.py changed, reloading.
2022-11-15 15:16:33,798 - django.utils.autoreload - INFO - C:\gitpro\project\project03\ingredients\views.py changed, reloading.
2022-11-15 15:16:43,178 - django.utils.autoreload - INFO - C:\gitpro\project\project03\ingredients\views.py changed, reloading.
2022-11-15 15:16:55,440 - django.utils.autoreload - INFO - C:\gitpro\project\project03\ingredients\views.py changed, reloading.
2022-11-15 15:17:09,573 - django.request - WARNING - Not Found: /ingredients/recipe_list/index.html
2022-11-15 15:17:19,363 - root - INFO - ================ recommend
2022-11-15 15:17:19,368 - root - INFO - [<Q: (AND: ('rc_ing__icontains', '대파'))>]
2022-11-15 15:17:19,715 - django.request - ERROR - Internal Server Error: /ingredients/recipe_list/
Traceback (most recent call last):
  File "C:\Users\user\anaconda3\lib\site-packages\django\core\handlers\exception.py", line 47, in inner
    response = get_response(request)
  File "C:\Users\user\anaconda3\lib\site-packages\django\core\handlers\base.py", line 181, in _get_response
    response = wrapped_callback(request, *callback_args, **callback_kwargs)
  File "C:\Users\user\anaconda3\lib\site-packages\django\views\decorators\csrf.py", line 54, in wrapped_view
    return view_func(*args, **kwargs)
  File "C:\gitpro\project\project03\ingredients\views.py", line 96, in recommend
    recipe_list = recipe_list.filter(reduce(operator.and_, q_list))
UnboundLocalError: local variable 'recipe_list' referenced before assignment
2022-11-15 15:17:50,077 - django.utils.autoreload - INFO - C:\gitpro\project\project03\ingredients\views.py changed, reloading.
2022-11-15 15:18:02,149 - django.utils.autoreload - INFO - C:\gitpro\project\project03\ingredients\views.py changed, reloading.
2022-11-15 15:18:08,047 - django.utils.autoreload - INFO - C:\gitpro\project\project03\ingredients\views.py changed, reloading.
2022-11-15 15:18:14,234 - django.utils.autoreload - INFO - C:\gitpro\project\project03\ingredients\views.py changed, reloading.
2022-11-15 15:18:22,344 - django.utils.autoreload - INFO - C:\gitpro\project\project03\ingredients\views.py changed, reloading.
2022-11-15 15:18:37,078 - root - INFO - ================ recommend
2022-11-15 15:18:37,087 - root - INFO - [<Q: (AND: ('rc_ing__icontains', '대파'))>, <Q: (AND: ('rc_ing__icontains', '당근'))>]
2022-11-15 15:18:37,324 - django.request - ERROR - Internal Server Error: /ingredients/recipe_list/
Traceback (most recent call last):
  File "C:\Users\user\anaconda3\lib\site-packages\django\core\handlers\exception.py", line 47, in inner
    response = get_response(request)
  File "C:\Users\user\anaconda3\lib\site-packages\django\core\handlers\base.py", line 181, in _get_response
    response = wrapped_callback(request, *callback_args, **callback_kwargs)
  File "C:\Users\user\anaconda3\lib\site-packages\django\views\decorators\csrf.py", line 54, in wrapped_view
    return view_func(*args, **kwargs)
  File "C:\gitpro\project\project03\ingredients\views.py", line 98, in recommend
    recipe_list = recipe_list.filter(reduce(operator.and_, q_list))
NameError: name 'reduce' is not defined
2022-11-15 15:21:37,758 - django.utils.autoreload - INFO - C:\gitpro\project\project03\ingredients\views.py changed, reloading.
2022-11-15 15:21:49,080 - django.utils.autoreload - INFO - C:\gitpro\project\project03\ingredients\views.py changed, reloading.
2022-11-15 15:22:05,290 - root - INFO - ================ recommend
2022-11-15 15:22:05,298 - root - INFO - [<Q: (AND: ('rc_ing__icontains', '대파'))>, <Q: (AND: ('rc_ing__icontains', '당근'))>]
2022-11-15 15:22:39,506 - django.utils.autoreload - INFO - C:\gitpro\project\project03\ingredients\views.py changed, reloading.
2022-11-15 15:22:49,915 - django.utils.autoreload - INFO - C:\gitpro\project\project03\ingredients\views.py changed, reloading.
2022-11-15 15:23:48,592 - django.utils.autoreload - INFO - C:\gitpro\project\project03\ingredients\views.py changed, reloading.
2022-11-15 15:25:23,550 - django.utils.autoreload - INFO - C:\gitpro\project\project03\ingredients\views.py changed, reloading.
2022-11-15 15:25:33,625 - root - INFO - ================ recommend
2022-11-15 15:25:33,633 - root - INFO - [<Q: (AND: ('rc_ing__icontains', '대파'))>, <Q: (AND: ('rc_ing__icontains', '당근'))>]
2022-11-15 15:25:53,823 - django.utils.autoreload - INFO - C:\gitpro\project\project03\ingredients\views.py changed, reloading.
2022-11-15 15:26:02,153 - django.utils.autoreload - INFO - C:\gitpro\project\project03\ingredients\views.py changed, reloading.
2022-11-15 15:26:13,291 - root - INFO - ================ recommend
2022-11-15 15:26:13,298 - root - INFO - [<Q: (AND: ('rc_ing__icontains', '대파'))>, <Q: (AND: ('rc_ing__icontains', '당근'))>]
2022-11-15 15:26:27,108 - django.utils.autoreload - INFO - C:\gitpro\project\project03\ingredients\views.py changed, reloading.
2022-11-15 15:27:12,272 - root - INFO - ================ recommend
2022-11-15 15:27:12,282 - root - INFO - [<Q: (AND: ('rc_ing__icontains', '대파'))>, <Q: (AND: ('rc_ing__icontains', '당근'))>]
2022-11-15 15:27:30,373 - django.utils.autoreload - INFO - C:\gitpro\project\project03\ingredients\views.py changed, reloading.
2022-11-15 15:27:36,959 - django.utils.autoreload - INFO - C:\gitpro\project\project03\ingredients\views.py changed, reloading.
2022-11-15 15:27:43,251 - django.utils.autoreload - INFO - C:\gitpro\project\project03\ingredients\views.py changed, reloading.
2022-11-15 15:27:49,943 - django.utils.autoreload - INFO - C:\gitpro\project\project03\ingredients\views.py changed, reloading.
2022-11-15 15:28:00,927 - django.utils.autoreload - INFO - C:\gitpro\project\project03\ingredients\views.py changed, reloading.
2022-11-15 15:28:11,761 - root - INFO - ================ recommend
2022-11-15 15:28:11,766 - root - INFO - [<Q: (AND: ('rc_ing__icontains', '대파'))>, <Q: (AND: ('rc_ing__icontains', '당근'))>]
2022-11-15 15:29:01,851 - django.utils.autoreload - INFO - C:\gitpro\project\project03\ingredients\views.py changed, reloading.
2022-11-15 15:29:12,998 - django.utils.autoreload - INFO - C:\gitpro\project\project03\ingredients\views.py changed, reloading.
2022-11-15 15:29:21,513 - root - INFO - ================ recommend
2022-11-15 15:29:21,521 - root - INFO - [<Q: (AND: ('rc_ing__icontains', '대파'))>, <Q: (AND: ('rc_ing__icontains', '당근'))>]
2022-11-15 15:30:04,158 - django.utils.autoreload - INFO - C:\gitpro\project\project03\ingredients\views.py changed, reloading.
